<?xml version="1.0" encoding="UTF-8"?>
<testng-results skipped="0" failed="0" total="1" passed="1">
  <reporter-output>
  </reporter-output>
  <suite name="Default suite" duration-ms="13411" started-at="2022-04-11T05:30:19Z" finished-at="2022-04-11T05:30:32Z">
    <groups>
    </groups>
    <test name="Default test" duration-ms="13411" started-at="2022-04-11T05:30:19Z" finished-at="2022-04-11T05:30:32Z">
      <class name="locatorinselenium.locatorinselenium">
        <test-method status="PASS" signature="IDDemo()[pri:0, instance:locatorinselenium.locatorinselenium@3930015a]" name="IDDemo" duration-ms="13397" started-at="2022-04-11T11:00:19Z" finished-at="2022-04-11T11:00:32Z">
          <reporter-output>
          </reporter-output>
        </test-method> <!-- IDDemo -->
      </class> <!-- locatorinselenium.locatorinselenium -->
    </test> <!-- Default test -->
  </suite> <!-- Default suite -->
</testng-results>
